This is pdfTeX, Version 3.1415926-2.5-1.40.14 (TeX Live 2013) (format=pdflatex 2013.10.3)  11 DEC 2013 00:18
entering extended mode
 restricted \write18 enabled.
 %&-line parsing enabled.
**Court_Report.tex
(./Court_Report.tex
LaTeX2e <2011/06/27>
Babel <3.9f> and hyphenation patterns for 78 languages loaded.
(/usr/local/texlive/2013/texmf-dist/tex/latex/base/article.cls
Document Class: article 2007/10/19 v1.4h Standard LaTeX document class
(/usr/local/texlive/2013/texmf-dist/tex/latex/base/size12.clo
File: size12.clo 2007/10/19 v1.4h Standard LaTeX file (size option)
)
\c@part=\count79
\c@section=\count80
\c@subsection=\count81
\c@subsubsection=\count82
\c@paragraph=\count83
\c@subparagraph=\count84
\c@figure=\count85
\c@table=\count86
\abovecaptionskip=\skip41
\belowcaptionskip=\skip42
\bibindent=\dimen102
)
(/usr/local/texlive/2013/texmf-dist/tex/latex/graphics/graphicx.sty
Package: graphicx 1999/02/16 v1.0f Enhanced LaTeX Graphics (DPC,SPQR)

(/usr/local/texlive/2013/texmf-dist/tex/latex/graphics/keyval.sty
Package: keyval 1999/03/16 v1.13 key=value parser (DPC)
\KV@toks@=\toks14
)
(/usr/local/texlive/2013/texmf-dist/tex/latex/graphics/graphics.sty
Package: graphics 2009/02/05 v1.0o Standard LaTeX Graphics (DPC,SPQR)

(/usr/local/texlive/2013/texmf-dist/tex/latex/graphics/trig.sty
Package: trig 1999/03/16 v1.09 sin cos tan (DPC)
)
(/usr/local/texlive/2013/texmf-dist/tex/latex/latexconfig/graphics.cfg
File: graphics.cfg 2010/04/23 v1.9 graphics configuration of TeX Live
)
Package graphics Info: Driver file: pdftex.def on input line 91.

(/usr/local/texlive/2013/texmf-dist/tex/latex/pdftex-def/pdftex.def
File: pdftex.def 2011/05/27 v0.06d Graphics/color for pdfTeX

(/usr/local/texlive/2013/texmf-dist/tex/generic/oberdiek/infwarerr.sty
Package: infwarerr 2010/04/08 v1.3 Providing info/warning/error messages (HO)
)
(/usr/local/texlive/2013/texmf-dist/tex/generic/oberdiek/ltxcmds.sty
Package: ltxcmds 2011/11/09 v1.22 LaTeX kernel commands for general use (HO)
)
\Gread@gobject=\count87
))
\Gin@req@height=\dimen103
\Gin@req@width=\dimen104
)
(./Court_Report.aux)
\openout1 = `Court_Report.aux'.

LaTeX Font Info:    Checking defaults for OML/cmm/m/it on input line 3.
LaTeX Font Info:    ... okay on input line 3.
LaTeX Font Info:    Checking defaults for T1/cmr/m/n on input line 3.
LaTeX Font Info:    ... okay on input line 3.
LaTeX Font Info:    Checking defaults for OT1/cmr/m/n on input line 3.
LaTeX Font Info:    ... okay on input line 3.
LaTeX Font Info:    Checking defaults for OMS/cmsy/m/n on input line 3.
LaTeX Font Info:    ... okay on input line 3.
LaTeX Font Info:    Checking defaults for OMX/cmex/m/n on input line 3.
LaTeX Font Info:    ... okay on input line 3.
LaTeX Font Info:    Checking defaults for U/cmr/m/n on input line 3.
LaTeX Font Info:    ... okay on input line 3.

(/usr/local/texlive/2013/texmf-dist/tex/context/base/supp-pdf.mkii
[Loading MPS to PDF converter (version 2006.09.02).]
\scratchcounter=\count88
\scratchdimen=\dimen105
\scratchbox=\box26
\nofMPsegments=\count89
\nofMParguments=\count90
\everyMPshowfont=\toks15
\MPscratchCnt=\count91
\MPscratchDim=\dimen106
\MPnumerator=\count92
\makeMPintoPDFobject=\count93
\everyMPtoPDFconversion=\toks16
) (/usr/local/texlive/2013/texmf-dist/tex/generic/oberdiek/pdftexcmds.sty
Package: pdftexcmds 2011/11/29 v0.20 Utility functions of pdfTeX for LuaTeX (HO
)

(/usr/local/texlive/2013/texmf-dist/tex/generic/oberdiek/ifluatex.sty
Package: ifluatex 2010/03/01 v1.3 Provides the ifluatex switch (HO)
Package ifluatex Info: LuaTeX not detected.
)
(/usr/local/texlive/2013/texmf-dist/tex/generic/oberdiek/ifpdf.sty
Package: ifpdf 2011/01/30 v2.3 Provides the ifpdf switch (HO)
Package ifpdf Info: pdfTeX in PDF mode is detected.
)
Package pdftexcmds Info: LuaTeX not detected.
Package pdftexcmds Info: \pdf@primitive is available.
Package pdftexcmds Info: \pdf@ifprimitive is available.
Package pdftexcmds Info: \pdfdraftmode found.
)
(/usr/local/texlive/2013/texmf-dist/tex/latex/oberdiek/epstopdf-base.sty
Package: epstopdf-base 2010/02/09 v2.5 Base part for package epstopdf

(/usr/local/texlive/2013/texmf-dist/tex/latex/oberdiek/grfext.sty
Package: grfext 2010/08/19 v1.1 Manage graphics extensions (HO)

(/usr/local/texlive/2013/texmf-dist/tex/generic/oberdiek/kvdefinekeys.sty
Package: kvdefinekeys 2011/04/07 v1.3 Define keys (HO)
))
(/usr/local/texlive/2013/texmf-dist/tex/latex/oberdiek/kvoptions.sty
Package: kvoptions 2011/06/30 v3.11 Key value format for package options (HO)

(/usr/local/texlive/2013/texmf-dist/tex/generic/oberdiek/kvsetkeys.sty
Package: kvsetkeys 2012/04/25 v1.16 Key value parser (HO)

(/usr/local/texlive/2013/texmf-dist/tex/generic/oberdiek/etexcmds.sty
Package: etexcmds 2011/02/16 v1.5 Avoid name clashes with e-TeX commands (HO)
Package etexcmds Info: Could not find \expanded.
(etexcmds)             That can mean that you are not using pdfTeX 1.50 or
(etexcmds)             that some package has redefined \expanded.
(etexcmds)             In the latter case, load this package earlier.
)))
Package grfext Info: Graphics extension search list:
(grfext)             [.png,.pdf,.jpg,.mps,.jpeg,.jbig2,.jb2,.PNG,.PDF,.JPG,.JPE
G,.JBIG2,.JB2,.eps]
(grfext)             \AppendGraphicsExtensions on input line 452.

(/usr/local/texlive/2013/texmf-dist/tex/latex/latexconfig/epstopdf-sys.cfg
File: epstopdf-sys.cfg 2010/07/13 v1.3 Configuration of (r)epstopdf for TeX Liv
e
))
LaTeX Font Info:    External font `cmex10' loaded for size
(Font)              <12> on input line 23.
LaTeX Font Info:    External font `cmex10' loaded for size
(Font)              <8> on input line 23.
LaTeX Font Info:    External font `cmex10' loaded for size
(Font)              <6> on input line 23.

[1

{/usr/local/texlive/2013/texmf-var/fonts/map/pdftex/updmap/pdftex.map}]
Underfull \hbox (badness 10000) in paragraph at lines 44--45

 []


Underfull \hbox (badness 10000) in paragraph at lines 46--47

 []


Underfull \hbox (badness 10000) in paragraph at lines 55--56

 []


Underfull \hbox (badness 10000) in paragraph at lines 57--58

 []

[1]
Underfull \hbox (badness 10000) in paragraph at lines 59--60

 []


Underfull \hbox (badness 10000) in paragraph at lines 61--62

 []

[2] [3]
Underfull \hbox (badness 1152) in paragraph at lines 136--137
[]\OT1/cmr/m/n/12 C:/Nothing Here to see/New folder/New
 []

[4]
Underfull \hbox (badness 10000) in paragraph at lines 162--163
[]\OT1/cmr/m/n/12 C:/My Tank/Marines/My new Aquar-
 []


Underfull \hbox (badness 10000) in paragraph at lines 175--176
[]\OT1/cmr/m/n/12 C:/My Tank/Marines/My new Aquar-
 []


Underfull \hbox (badness 10000) in paragraph at lines 188--189
[]\OT1/cmr/m/n/12 C:/My Tank/Marines/My new Aquar-
 []

[5] <Images/DirectoryStructure.png, id=25, 304.13625pt x 579.16376pt>
File: Images/DirectoryStructure.png Graphic file (type png)

<use Images/DirectoryStructure.png>
Package pdftex.def Info: Images/DirectoryStructure.png used on input line 207.
(pdftex.def)             Requested size: 142.26378pt x 270.91675pt.

<Images/ShoppingListExcel.png, id=27, 1445.4pt x 903.375pt>
File: Images/ShoppingListExcel.png Graphic file (type png)

<use Images/ShoppingListExcel.png>
Package pdftex.def Info: Images/ShoppingListExcel.png used on input line 213.
(pdftex.def)             Requested size: 341.43306pt x 213.3959pt.

<Images/ShoppingListWord.png, id=28, 1061.9675pt x 659.46375pt>
File: Images/ShoppingListWord.png Graphic file (type png)

<use Images/ShoppingListWord.png>
Package pdftex.def Info: Images/ShoppingListWord.png used on input line 219.
(pdftex.def)             Requested size: 341.43306pt x 212.0289pt.

<Images/_i.png, id=29, 1207.51125pt x 528.97626pt>
File: Images/_i.png Graphic file (type png)
 <use Images/_i.png>
Package pdftex.def Info: Images/_i.png used on input line 225.
(pdftex.def)             Requested size: 341.43306pt x 149.56522pt.

<Images/_nape1.png, id=30, 1445.4pt x 903.375pt>
File: Images/_nape1.png Graphic file (type png)
 <use Images/_nape1.png>
Package pdftex.def Info: Images/_nape1.png used on input line 231.
(pdftex.def)             Requested size: 341.43306pt x 213.3959pt.

<Images/_nape2.png, id=31, 1445.4pt x 903.375pt>
File: Images/_nape2.png Graphic file (type png)
 <use Images/_nape2.png>
Package pdftex.def Info: Images/_nape2.png used on input line 237.
(pdftex.def)             Requested size: 341.43306pt x 213.3959pt.

<Images/_ombinedPng.png, id=32, 625.33624pt x 323.2075pt>
File: Images/_ombinedPng.png Graphic file (type png)

<use Images/_ombinedPng.png>
Package pdftex.def Info: Images/_ombinedPng.png used on input line 243.
(pdftex.def)             Requested size: 341.43306pt x 176.47255pt.

<Images/_ombinedPpm.png, id=33, 624.3325pt x 324.21124pt>
File: Images/_ombinedPpm.png Graphic file (type png)

<use Images/_ombinedPpm.png>
Package pdftex.def Info: Images/_ombinedPpm.png used on input line 248.
(pdftex.def)             Requested size: 341.43306pt x 177.30753pt.

<Images/AngleFishPpm.png, id=34, 625.33624pt x 323.2075pt>
File: Images/AngleFishPpm.png Graphic file (type png)

<use Images/AngleFishPpm.png>
Package pdftex.def Info: Images/AngleFishPpm.png used on input line 253.
(pdftex.def)             Requested size: 341.43306pt x 176.47255pt.

<Images/AngleFishPng.png, id=35, 625.33624pt x 324.21124pt>
File: Images/AngleFishPng.png Graphic file (type png)

<use Images/AngleFishPng.png>
Package pdftex.def Info: Images/AngleFishPng.png used on input line 259.
(pdftex.def)             Requested size: 341.43306pt x 177.0206pt.

<Images/decrypt.png, id=36, 625.33624pt x 326.21875pt>
File: Images/decrypt.png Graphic file (type png)

<use Images/decrypt.png>
Package pdftex.def Info: Images/decrypt.png used on input line 265.
(pdftex.def)             Requested size: 341.43306pt x 178.1167pt.
 [6] [7 <./Images/DirectoryStructure.png> <./Images/ShoppingListExcel.png>] [8 
<./Images/ShoppingListWord.png> <./Images/_i.png>]
[9 <./Images/_nape1.png> <./Images/_nape2.png>] [10 <./Images/_ombinedPng.png> 
<./Images/_ombinedPpm.png>] [11 <./Images/AngleFishPpm.png> <./Images/AngleFish
Png.png>] [12 <./Images/decrypt.png>] (./Court_Report.aux) ) 
Here is how much of TeX's memory you used:
 1553 strings out of 493315
 22921 string characters out of 6137904
 84180 words of memory out of 5000000
 5002 multiletter control sequences out of 15000+600000
 10398 words of font info for 36 fonts, out of 8000000 for 9000
 957 hyphenation exceptions out of 8191
 37i,9n,23p,541b,248s stack positions out of 5000i,500n,10000p,200000b,80000s
</usr/local/texlive
/2013/texmf-dist/fonts/type1/public/amsfonts/cm/cmbx12.pfb></usr/local/texlive/
2013/texmf-dist/fonts/type1/public/amsfonts/cm/cmcsc10.pfb></usr/local/texlive/
2013/texmf-dist/fonts/type1/public/amsfonts/cm/cmr12.pfb></usr/local/texlive/20
13/texmf-dist/fonts/type1/public/amsfonts/cm/cmti12.pfb>
Output written on Court_Report.pdf (13 pages, 1463725 bytes).
PDF statistics:
 86 PDF objects out of 1000 (max. 8388607)
 44 compressed objects within 1 object stream
 0 named destinations out of 1000 (max. 500000)
 56 words of extra memory for PDF output out of 10000 (max. 10000000)

