This is pdfTeX, Version 3.1415926-2.5-1.40.14 (TeX Live 2013) (format=pdflatex 2013.10.3)  10 DEC 2013 22:18
entering extended mode
 restricted \write18 enabled.
 %&-line parsing enabled.
**Technical_Report.tex
(./Technical_Report.tex
LaTeX2e <2011/06/27>
Babel <3.9f> and hyphenation patterns for 78 languages loaded.
(/usr/local/texlive/2013/texmf-dist/tex/latex/base/article.cls
Document Class: article 2007/10/19 v1.4h Standard LaTeX document class
(/usr/local/texlive/2013/texmf-dist/tex/latex/base/size12.clo
File: size12.clo 2007/10/19 v1.4h Standard LaTeX file (size option)
)
\c@part=\count79
\c@section=\count80
\c@subsection=\count81
\c@subsubsection=\count82
\c@paragraph=\count83
\c@subparagraph=\count84
\c@figure=\count85
\c@table=\count86
\abovecaptionskip=\skip41
\belowcaptionskip=\skip42
\bibindent=\dimen102
)
(/usr/local/texlive/2013/texmf-dist/tex/generic/babel/babel.sty
Package: babel 2013/05/16 v3.9f The Babel package

(/usr/local/texlive/2013/texmf-dist/tex/generic/babel-english/english.ldf
Language: english 2012/08/20 v3.3p English support from the babel system

(/usr/local/texlive/2013/texmf-dist/tex/generic/babel/babel.def
File: babel.def 2013/05/16 v3.9f Babel common definitions
\babel@savecnt=\count87
\U@D=\dimen103
)
\l@canadian = a dialect from \language\l@american 
\l@australian = a dialect from \language\l@british 
\l@newzealand = a dialect from \language\l@british 
))
(/usr/local/texlive/2013/texmf-dist/tex/latex/placeins/placeins.sty
Package: placeins 2005/04/18  v 2.2
)
(/usr/local/texlive/2013/texmf-dist/tex/latex/graphics/graphicx.sty
Package: graphicx 1999/02/16 v1.0f Enhanced LaTeX Graphics (DPC,SPQR)

(/usr/local/texlive/2013/texmf-dist/tex/latex/graphics/keyval.sty
Package: keyval 1999/03/16 v1.13 key=value parser (DPC)
\KV@toks@=\toks14
)
(/usr/local/texlive/2013/texmf-dist/tex/latex/graphics/graphics.sty
Package: graphics 2009/02/05 v1.0o Standard LaTeX Graphics (DPC,SPQR)

(/usr/local/texlive/2013/texmf-dist/tex/latex/graphics/trig.sty
Package: trig 1999/03/16 v1.09 sin cos tan (DPC)
)
(/usr/local/texlive/2013/texmf-dist/tex/latex/latexconfig/graphics.cfg
File: graphics.cfg 2010/04/23 v1.9 graphics configuration of TeX Live
)
Package graphics Info: Driver file: pdftex.def on input line 91.

(/usr/local/texlive/2013/texmf-dist/tex/latex/pdftex-def/pdftex.def
File: pdftex.def 2011/05/27 v0.06d Graphics/color for pdfTeX

(/usr/local/texlive/2013/texmf-dist/tex/generic/oberdiek/infwarerr.sty
Package: infwarerr 2010/04/08 v1.3 Providing info/warning/error messages (HO)
)
(/usr/local/texlive/2013/texmf-dist/tex/generic/oberdiek/ltxcmds.sty
Package: ltxcmds 2011/11/09 v1.22 LaTeX kernel commands for general use (HO)
)
\Gread@gobject=\count88
))
\Gin@req@height=\dimen104
\Gin@req@width=\dimen105
)
(/usr/local/texlive/2013/texmf-dist/tex/latex/float/float.sty
Package: float 2001/11/08 v1.3d Float enhancements (AL)
\c@float@type=\count89
\float@exts=\toks15
\float@box=\box26
\@float@everytoks=\toks16
\@floatcapt=\box27
)
(./Technical_Report.aux)
\openout1 = `Technical_Report.aux'.

LaTeX Font Info:    Checking defaults for OML/cmm/m/it on input line 6.
LaTeX Font Info:    ... okay on input line 6.
LaTeX Font Info:    Checking defaults for T1/cmr/m/n on input line 6.
LaTeX Font Info:    ... okay on input line 6.
LaTeX Font Info:    Checking defaults for OT1/cmr/m/n on input line 6.
LaTeX Font Info:    ... okay on input line 6.
LaTeX Font Info:    Checking defaults for OMS/cmsy/m/n on input line 6.
LaTeX Font Info:    ... okay on input line 6.
LaTeX Font Info:    Checking defaults for OMX/cmex/m/n on input line 6.
LaTeX Font Info:    ... okay on input line 6.
LaTeX Font Info:    Checking defaults for U/cmr/m/n on input line 6.
LaTeX Font Info:    ... okay on input line 6.

(/usr/local/texlive/2013/texmf-dist/tex/context/base/supp-pdf.mkii
[Loading MPS to PDF converter (version 2006.09.02).]
\scratchcounter=\count90
\scratchdimen=\dimen106
\scratchbox=\box28
\nofMPsegments=\count91
\nofMParguments=\count92
\everyMPshowfont=\toks17
\MPscratchCnt=\count93
\MPscratchDim=\dimen107
\MPnumerator=\count94
\makeMPintoPDFobject=\count95
\everyMPtoPDFconversion=\toks18
) (/usr/local/texlive/2013/texmf-dist/tex/generic/oberdiek/pdftexcmds.sty
Package: pdftexcmds 2011/11/29 v0.20 Utility functions of pdfTeX for LuaTeX (HO
)

(/usr/local/texlive/2013/texmf-dist/tex/generic/oberdiek/ifluatex.sty
Package: ifluatex 2010/03/01 v1.3 Provides the ifluatex switch (HO)
Package ifluatex Info: LuaTeX not detected.
)
(/usr/local/texlive/2013/texmf-dist/tex/generic/oberdiek/ifpdf.sty
Package: ifpdf 2011/01/30 v2.3 Provides the ifpdf switch (HO)
Package ifpdf Info: pdfTeX in PDF mode is detected.
)
Package pdftexcmds Info: LuaTeX not detected.
Package pdftexcmds Info: \pdf@primitive is available.
Package pdftexcmds Info: \pdf@ifprimitive is available.
Package pdftexcmds Info: \pdfdraftmode found.
)
(/usr/local/texlive/2013/texmf-dist/tex/latex/oberdiek/epstopdf-base.sty
Package: epstopdf-base 2010/02/09 v2.5 Base part for package epstopdf

(/usr/local/texlive/2013/texmf-dist/tex/latex/oberdiek/grfext.sty
Package: grfext 2010/08/19 v1.1 Manage graphics extensions (HO)

(/usr/local/texlive/2013/texmf-dist/tex/generic/oberdiek/kvdefinekeys.sty
Package: kvdefinekeys 2011/04/07 v1.3 Define keys (HO)
))
(/usr/local/texlive/2013/texmf-dist/tex/latex/oberdiek/kvoptions.sty
Package: kvoptions 2011/06/30 v3.11 Key value format for package options (HO)

(/usr/local/texlive/2013/texmf-dist/tex/generic/oberdiek/kvsetkeys.sty
Package: kvsetkeys 2012/04/25 v1.16 Key value parser (HO)

(/usr/local/texlive/2013/texmf-dist/tex/generic/oberdiek/etexcmds.sty
Package: etexcmds 2011/02/16 v1.5 Avoid name clashes with e-TeX commands (HO)
Package etexcmds Info: Could not find \expanded.
(etexcmds)             That can mean that you are not using pdfTeX 1.50 or
(etexcmds)             that some package has redefined \expanded.
(etexcmds)             In the latter case, load this package earlier.
)))
Package grfext Info: Graphics extension search list:
(grfext)             [.png,.pdf,.jpg,.mps,.jpeg,.jbig2,.jb2,.PNG,.PDF,.JPG,.JPE
G,.JBIG2,.JB2,.eps]
(grfext)             \AppendGraphicsExtensions on input line 452.

(/usr/local/texlive/2013/texmf-dist/tex/latex/latexconfig/epstopdf-sys.cfg
File: epstopdf-sys.cfg 2010/07/13 v1.3 Configuration of (r)epstopdf for TeX Liv
e
))
LaTeX Font Info:    External font `cmex10' loaded for size
(Font)              <12> on input line 26.
LaTeX Font Info:    External font `cmex10' loaded for size
(Font)              <8> on input line 26.
LaTeX Font Info:    External font `cmex10' loaded for size
(Font)              <6> on input line 26.

[1

{/usr/local/texlive/2013/texmf-var/fonts/map/pdftex/updmap/pdftex.map}]
Missing character: There is no â in font cmr12!
Missing character: There is no € in font cmr12!
Missing character: There is no ˜ in font cmr12!
Missing character: There is no â in font cmr12!
Missing character: There is no € in font cmr12!
Missing character: There is no ™ in font cmr12!
Missing character: There is no â in font cmr12!
Missing character: There is no € in font cmr12!
Missing character: There is no ˜ in font cmr12!
Missing character: There is no â in font cmr12!
Missing character: There is no € in font cmr12!
Missing character: There is no ™ in font cmr12!

Underfull \hbox (badness 10000) in paragraph at lines 53--54

 []


Underfull \hbox (badness 10000) in paragraph at lines 53--54

 []


Underfull \hbox (badness 10000) in paragraph at lines 53--54

 []


Underfull \hbox (badness 10000) in paragraph at lines 53--54

 []


Underfull \hbox (badness 10000) in paragraph at lines 53--54

 []


Underfull \hbox (badness 10000) in paragraph at lines 53--54

 []

Missing character: There is no â in font cmr12!
Missing character: There is no € in font cmr12!
Missing character: There is no ˜ in font cmr12!
Missing character: There is no â in font cmr12!
Missing character: There is no € in font cmr12!
Missing character: There is no ™ in font cmr12!
Missing character: There is no â in font cmr12!
Missing character: There is no € in font cmr12!
Missing character: There is no ˜ in font cmr12!
Missing character: There is no â in font cmr12!
Missing character: There is no € in font cmr12!
Missing character: There is no ™ in font cmr12!
Missing character: There is no â in font cmr12!
Missing character: There is no € in font cmr12!
Missing character: There is no ˜ in font cmr12!
Missing character: There is no â in font cmr12!
Missing character: There is no € in font cmr12!
Missing character: There is no ™ in font cmr12!
[1]
LaTeX Font Info:    External font `cmex10' loaded for size
(Font)              <7> on input line 63.
LaTeX Font Info:    External font `cmex10' loaded for size
(Font)              <5> on input line 63.

Underfull \hbox (badness 10000) in paragraph at lines 63--64

 []


Underfull \hbox (badness 10000) in paragraph at lines 67--68

 []


Underfull \hbox (badness 10000) in paragraph at lines 73--75

 []


Underfull \hbox (badness 10000) in paragraph at lines 73--75

 []


Underfull \hbox (badness 10000) in paragraph at lines 73--75

 []

[2]
Underfull \hbox (badness 10000) in paragraph at lines 76--77

 []


Underfull \hbox (badness 10000) in paragraph at lines 76--77

 []

[3] [4]
Underfull \hbox (badness 1152) in paragraph at lines 141--142
[]\OT1/cmr/m/n/12 C:/Nothing Here to see/New folder/New
 []

[5] [6] [7]
Underfull \hbox (badness 10000) in paragraph at lines 220--221
[]\OT1/cmr/m/n/12 C:/My Tank/Marines/My new Aquar-
 []


Underfull \hbox (badness 10000) in paragraph at lines 233--234
[]\OT1/cmr/m/n/12 C:/My Tank/Marines/My new Aquar-
 []


Underfull \hbox (badness 10000) in paragraph at lines 246--247
[]\OT1/cmr/m/n/12 C:/My Tank/Marines/My new Aquar-
 []

[8]
LaTeX Font Info:    Try loading font information for OMS+cmr on input line 265.

 (/usr/local/texlive/2013/texmf-dist/tex/latex/base/omscmr.fd
File: omscmr.fd 1999/05/25 v2.5h Standard LaTeX font definitions
)
LaTeX Font Info:    Font shape `OMS/cmr/m/n' in size <12> not available
(Font)              Font shape `OMS/cmsy/m/n' tried instead on input line 265.
 [9]
<Images/TimeLine1.png, id=43, 1445.4pt x 903.375pt>
File: Images/TimeLine1.png Graphic file (type png)
 <use Images/TimeLine1.png>
Package pdftex.def Info: Images/TimeLine1.png used on input line 285.
(pdftex.def)             Requested size: 341.43306pt x 213.3959pt.

<Images/TimeLine2.png, id=45, 1445.4pt x 903.375pt>
File: Images/TimeLine2.png Graphic file (type png)
 <use Images/TimeLine2.png>
Package pdftex.def Info: Images/TimeLine2.png used on input line 290.
(pdftex.def)             Requested size: 341.43306pt x 213.3959pt.

<Images/TimeLine3.png, id=46, 1445.4pt x 903.375pt>
File: Images/TimeLine3.png Graphic file (type png)
 <use Images/TimeLine3.png>
Package pdftex.def Info: Images/TimeLine3.png used on input line 295.
(pdftex.def)             Requested size: 341.43306pt x 213.3959pt.

<Images/TimeLine4.png, id=47, 1445.4pt x 903.375pt>
File: Images/TimeLine4.png Graphic file (type png)
 <use Images/TimeLine4.png>
Package pdftex.def Info: Images/TimeLine4.png used on input line 300.
(pdftex.def)             Requested size: 341.43306pt x 213.3959pt.

<Images/DirectoryStructure.png, id=48, 304.13625pt x 579.16376pt>
File: Images/DirectoryStructure.png Graphic file (type png)

<use Images/DirectoryStructure.png>
Package pdftex.def Info: Images/DirectoryStructure.png used on input line 306.
(pdftex.def)             Requested size: 142.26378pt x 270.91675pt.

<Images/WordExcel.png, id=49, 1210.5225pt x 385.44pt>
File: Images/WordExcel.png Graphic file (type png)

<use Images/WordExcel.png>
Package pdftex.def Info: Images/WordExcel.png used on input line 312.
(pdftex.def)             Requested size: 390.0pt x 124.17847pt.

<Images/ShoppingListWord.png, id=50, 1061.9675pt x 659.46375pt>
File: Images/ShoppingListWord.png Graphic file (type png)

<use Images/ShoppingListWord.png>
Package pdftex.def Info: Images/ShoppingListWord.png used on input line 318.
(pdftex.def)             Requested size: 341.43306pt x 212.0289pt.

<Images/_nape1.png, id=51, 1445.4pt x 903.375pt>
File: Images/_nape1.png Graphic file (type png)
 <use Images/_nape1.png>
Package pdftex.def Info: Images/_nape1.png used on input line 324.
(pdftex.def)             Requested size: 341.43306pt x 213.3959pt.

<Images/_nape2.png, id=52, 1445.4pt x 903.375pt>
File: Images/_nape2.png Graphic file (type png)
 <use Images/_nape2.png>
Package pdftex.def Info: Images/_nape2.png used on input line 330.
(pdftex.def)             Requested size: 341.43306pt x 213.3959pt.

<Images/4files.png, id=53, 1086.0575pt x 194.7275pt>
File: Images/4files.png Graphic file (type png)
 <use Images/4files.png>
Package pdftex.def Info: Images/4files.png used on input line 336.
(pdftex.def)             Requested size: 284.52756pt x 51.0142pt.

<Images/decrypt.png, id=54, 625.33624pt x 326.21875pt>
File: Images/decrypt.png Graphic file (type png)

<use Images/decrypt.png>
Package pdftex.def Info: Images/decrypt.png used on input line 342.
(pdftex.def)             Requested size: 341.43306pt x 178.1167pt.

<Images/ShoppingListExcel.png, id=55, 1445.4pt x 903.375pt>
File: Images/ShoppingListExcel.png Graphic file (type png)

<use Images/ShoppingListExcel.png>
Package pdftex.def Info: Images/ShoppingListExcel.png used on input line 348.
(pdftex.def)             Requested size: 341.43306pt x 213.3959pt.

<Images/AngleFishPpm.png, id=56, 625.33624pt x 323.2075pt>
File: Images/AngleFishPpm.png Graphic file (type png)

<use Images/AngleFishPpm.png>
Package pdftex.def Info: Images/AngleFishPpm.png used on input line 354.
(pdftex.def)             Requested size: 341.43306pt x 176.47255pt.

<Images/CombinedPpm.png, id=57, 623.32875pt x 323.2075pt>
File: Images/CombinedPpm.png Graphic file (type png)

<use Images/CombinedPpm.png>
Package pdftex.def Info: Images/CombinedPpm.png used on input line 360.
(pdftex.def)             Requested size: 341.43306pt x 177.0397pt.

<Images/_i.png, id=58, 1207.51125pt x 528.97626pt>
File: Images/_i.png Graphic file (type png)
 <use Images/_i.png>
Package pdftex.def Info: Images/_i.png used on input line 366.
(pdftex.def)             Requested size: 341.43306pt x 149.56522pt.

<Images/_ombinedPng.png, id=59, 625.33624pt x 323.2075pt>
File: Images/_ombinedPng.png Graphic file (type png)

<use Images/_ombinedPng.png>
Package pdftex.def Info: Images/_ombinedPng.png used on input line 372.
(pdftex.def)             Requested size: 341.43306pt x 176.47255pt.

<Images/AngleFishPng.png, id=60, 625.33624pt x 324.21124pt>
File: Images/AngleFishPng.png Graphic file (type png)

<use Images/AngleFishPng.png>
Package pdftex.def Info: Images/AngleFishPng.png used on input line 378.
(pdftex.def)             Requested size: 341.43306pt x 177.0206pt.

<Images/_ombinedPpm.png, id=61, 624.3325pt x 324.21124pt>
File: Images/_ombinedPpm.png Graphic file (type png)

<use Images/_ombinedPpm.png>
Package pdftex.def Info: Images/_ombinedPpm.png used on input line 384.
(pdftex.def)             Requested size: 341.43306pt x 177.30753pt.
 [10 <./Images/TimeLine1.png>] [11 <./Images/TimeLine2.png> <./Images/TimeLine3
.png>] [12 <./Images/TimeLine4.png> <./Images/DirectoryStructure.png>] [13 <./I
mages/WordExcel.png> <./Images/ShoppingListWord.png>] [14 <./Images/_nape1.png>
 <./Images/_nape2.png>] [15 <./Images/4files.png> <./Images/decrypt.png>] [16 <
./Images/ShoppingListExcel.png> <./Images/AngleFishPpm.png>] [17 <./Images/Comb
inedPpm.png> <./Images/_i.png>] [18 <./Images/_ombinedPng.png> <./Images/AngleF
ishPng.png>] [19 <./Images/_ombinedPpm.png>]
<Images/AngleKeyWord.png, id=112, 1384.17125pt x 567.11874pt>
File: Images/AngleKeyWord.png Graphic file (type png)

<use Images/AngleKeyWord.png>
Package pdftex.def Info: Images/AngleKeyWord.png used on input line 392.
(pdftex.def)             Requested size: 341.43306pt x 139.88422pt.

<Images/FishKeyWord.png, id=113, 1390.19376pt x 608.2725pt>
File: Images/FishKeyWord.png Graphic file (type png)

<use Images/FishKeyWord.png>
Package pdftex.def Info: Images/FishKeyWord.png used on input line 398.
(pdftex.def)             Requested size: 341.43306pt x 149.3854pt.
 [20

 <./Images/AngleKeyWord.png> <./Images/FishKeyWord.png>] <Images/NedKeyWord.png
, id=119, 1363.0925pt x 697.60625pt>
File: Images/NedKeyWord.png Graphic file (type png)

<use Images/NedKeyWord.png>
Package pdftex.def Info: Images/NedKeyWord.png used on input line 406.
(pdftex.def)             Requested size: 341.43306pt x 174.74176pt.

<Images/SnakeKeyWord.png, id=120, 1389.19pt x 463.7325pt>
File: Images/SnakeKeyWord.png Graphic file (type png)

<use Images/SnakeKeyWord.png>
Package pdftex.def Info: Images/SnakeKeyWord.png used on input line 412.
(pdftex.def)             Requested size: 341.43306pt x 113.97278pt.
 [21

 <./Images/NedKeyWord.png> <./Images/SnakeKeyWord.png>] (./Technical_Report.aux
) ) 
Here is how much of TeX's memory you used:
 2083 strings out of 493315
 30471 string characters out of 6137904
 95079 words of memory out of 5000000
 5497 multiletter control sequences out of 15000+600000
 10744 words of font info for 37 fonts, out of 8000000 for 9000
 957 hyphenation exceptions out of 8191
 37i,9n,23p,947b,248s stack positions out of 5000i,500n,10000p,200000b,80000s
</usr/local/texlive/2013/texmf-dist/fonts/type1/public/amsfonts/cm/cmbx12.pf
b></usr/local/texlive/2013/texmf-dist/fonts/type1/public/amsfonts/cm/cmcsc10.pf
b></usr/local/texlive/2013/texmf-dist/fonts/type1/public/amsfonts/cm/cmr10.pfb>
</usr/local/texlive/2013/texmf-dist/fonts/type1/public/amsfonts/cm/cmr12.pfb></
usr/local/texlive/2013/texmf-dist/fonts/type1/public/amsfonts/cm/cmr7.pfb></usr
/local/texlive/2013/texmf-dist/fonts/type1/public/amsfonts/cm/cmr8.pfb></usr/lo
cal/texlive/2013/texmf-dist/fonts/type1/public/amsfonts/cm/cmsy10.pfb></usr/loc
al/texlive/2013/texmf-dist/fonts/type1/public/amsfonts/cm/cmti10.pfb></usr/loca
l/texlive/2013/texmf-dist/fonts/type1/public/amsfonts/cm/cmti12.pfb>
Output written on Technical_Report.pdf (22 pages, 3342990 bytes).
PDF statistics:
 156 PDF objects out of 1000 (max. 8388607)
 78 compressed objects within 1 object stream
 0 named destinations out of 1000 (max. 500000)
 111 words of extra memory for PDF output out of 10000 (max. 10000000)

